<?xml version="1.0" encoding="UTF-8" ?>
<testsuites errors="0"
            failures="0"
            tests="2">

  <testsuite name="first-test-suite"
    errors="0" failures="0" hostname="" id="" package="first-test-suite" skipped="0"
    tests="2" time="2.010" timestamp="">
  
    <testcase name="Should be able to login" classname="first-test-suite" time="0.8730" assertions="1">

    
    </testcase>
  
    <testcase name="Should be able to search" classname="first-test-suite" time="1.137" assertions="1">

    
    </testcase>
  

  

  
  </testsuite>
</testsuites>
